<?xml version="1.0" encoding="UTF-8"?>
<!-- Generated by org.testng.reporters.JUnitReportReporter -->
<testsuite hostname="athithan-7130" failures="0" tests="1" name="com.test.testModules.HomePageTest" time="0.005" errors="0" timestamp="2024-03-24T14:58:08 IST" skipped="0">
  <testcase classname="com.test.testModules.HomePageTest" name="validateSearch" time="0.005"/>
</testsuite> <!-- com.test.testModules.HomePageTest -->
